<?xml version="1.0" encoding="UTF-8"?>
<!-- Generated by org.testng.reporters.JUnitXMLReporter -->
<testsuite ignored="1" hostname="USMUMANUMO11" failures="1" tests="6" name="Car Loan" time="0.025" errors="0" timestamp="2023-10-23T10:54:19 IST">
  <testcase classname="Tests.Day3Test" name="LoginAPICarLoan" time="0.001"/>
  <testcase classname="Tests.Day3Test" name="LoginAPICarLoan" time="0.001"/>
  <testcase classname="Tests.Day3Test" name="LoginAPICarLoan" time="0.001"/>
  <testcase classname="Tests.Day3Test" name="MobileSigninCarLoan" time="0.001"/>
  <testcase classname="Tests.Day3Test" name="MobileSignoutCarLoan" time="0.001"/>
  <testcase classname="Tests.Day3Test" name="WebLoginCarLoan" time="0.0">
    <failure type="org.testng.TestNGException" message="
Parameter &amp;apos;URL&amp;apos; is required by @Test on method WebLoginCarLoan but has not been marked @Optional or defined
in C:\Users\anumore\Documents\JavaTests\TestNGTutorials\testng4.xml">
      <![CDATA[org.testng.TestNGException: 
Parameter 'URL' is required by @Test on method WebLoginCarLoan but has not been marked @Optional or defined
in C:\Users\anumore\Documents\JavaTests\TestNGTutorials\testng4.xml
at java.base/java.util.ArrayList.forEach(ArrayList.java:1511)
... Removed 26 stack frames]]>
    </failure>
  </testcase> <!-- WebLoginCarLoan -->
  <testcase classname="Tests.Day3Test" name="MobileLoginCarLoan" time="0.0">
    <ignored/>
  </testcase> <!-- MobileLoginCarLoan -->
</testsuite> <!-- Car Loan -->
